I n’avais &apos;t l’intention to you donner crazy impression. 
Ouais ! J’ai gagné two time to soon . 
J'en have marre to eat the fast food. 
J'en have marre d'en have marre. 
J'ai hâte to go on a in vacances. 
The chambres of cet hôtel are really very a insonorisées. J’arrive to hear my voisin mâcher his chewing-gum ! 
L’essence of mathématiques, c’est the liberté. 
L'essence of mathématiques is the liberté. 
Do you can imaginer what our lives would be without électricité ? 
Where are the toilettes ? 
Where is the salle of bain ? 
If you prêtez 20$ to quelqu'un and you don revoyez more never crazy personne, it valait probably the coup. 
L’essence of the liberté are the mathématiques. 
His story was too ridicule for that quiconque do croie. 
What do d'heures loss you want ? 
Every person is a monde. 
J’ai the nationalité française but I am d’origine vietnamienne. 
C'est very frustrant d'essayer of retrouver his glasses when you don &apos;t without lunettes. voit 
You think qu'un day men coloniseront the moon ? 
What chansons célèbres auriez-vous like it have composées, and why ? 
I &apos;m gonna m’acheter a new appareil photo, numérique, crazy fois. 
I &apos;m beside myself toi. 
I &apos;m beside myself vous. 
I don &apos;t know what happens is pire. 
Life in prison is worst that the life d'un animal. 
I &apos;m fier to do partie of what projet. 
The good looks réside in the eyes to the one who regarde. 
Who would buy what sort d'œuvre d'art ? 
Why don &apos;t pouvons-nous we chatouiller nous-mêmes ? 
The answer we mène to a cercle vicieux. 
J'ai the flemme to do my devoirs. 
Quoi... ? You don &apos;t know always conduire ? 
Have you ever of the barbe ? 
I sens that I &apos;m libre. 
The liberté n'est &apos;t gratuite. 
J’ai créé a raccourci on the bureau. 
I want a reader MP3 ! 
My brother is very important. Du least he think qu'il l'est. 
In eating a pizza, he agaçait his sœur. 
At what rythme, you don &apos;t risque to end before the end of the semaine. 
I suppose my foolish of vue on l’amitié is rather morne because I n’ai never réellement had to compter on who that anything for are that soit. 
Quoi ? ! T'as eaten my ours in chocolate ? ! 
Non, I can &apos;t you a entrer, there &apos;s a person of trop. 
Where are you ? 
Where did you ? 
He you will mordre the poussière. 
It &apos;s a mind d'enterrement. 
Putain, is the connard who ose m’appeler in milieu of the night ! ? 
He comes from publier a série interesting d’articles. 
You me &apos;m chier ! 
