I n’avais l’intention of &apos;t correct crazy donner impression. 
! Ouais J’ai gagné two soon once of ! 
have J'en marre of the food. eating fast 
have J'en marre d'en have marre. 
J'ai go on a in hâte of vacances. 
The cet chambres of hôtel are really very bad insonorisées. J’arrive to hear my mâcher his voisin chewing-gum ! 
L’essence of the c’est mathématiques, liberté. 
L'essence of the mathématiques is liberté. 
Do you can imaginer what our lives would be without électricité ? 
Where are the toilettes ? 
Where is salle of the bain ? 
If you 20$ to prêtez quelqu'un and that you don anymore revoyez never personne, this crazy valait probably the coup. 
L’essence of the are the liberté mathématiques. 
His story was too than ridicule for quiconque including croie. 
What d'heures of how loss you want ? 
Every person is a monde. 
the J’ai nationalité française but I am vietnamienne. d’origine 
C'est very frustrant d'essayer of his retrouver glasses when you don without voit nothing lunettes. 
You qu'un day think men coloniseront the moon ? 
What chansons célèbres auriez-vous like it have and composées, why ? 
I &apos;m gonna m’acheter a new appareil photo, crazy numérique, fois. 
I &apos;m beside myself toi. 
I &apos;m beside myself vous. 
I don &apos;t know this who is pire. 
Life in prison is worst that the life d'un animal. 
I &apos;m do what fier of partie of projet. 
The réside in the good looks eyes of the one who regarde. 
Who sort would buy this d'œuvre d'art ? 
Why don &apos;t pouvons-nous we chatouiller nous-mêmes ? 
The answer mène to a we cercle vicieux. 
J'ai the do flemme of my devoirs. 
Quoi... ? You don &apos;t know always conduire ? 
Have you ever of the barbe ? 
I sens that I am libre. 
The &apos;t liberté n'est gratuite. 
J’ai a créé raccourci on the bureau. 
I want a reader ! MP3 
My brother is very important. Du least he qu'il think l'est. 
Despite eating a he pizza, agaçait loud sœur. 
At this rythme, you don &apos;t of risque to end before the end of the semaine. 
I suppose foolish of my vue on l’amitié is rather morne because I n’ai never had réellement to compter on who anything for than what to that soit. 
Quoi ? ! T'as eaten ours in my chocolate ? ! 
Non, I can &apos;t you a entrer, there &apos;s no of a trop. 
Where are you ? 
Where did you ? 
He will get you to the mordre poussière. 
It &apos;s a mind d'enterrement. 
Putain, is the who connard ose m’appeler milieu of at the night ! ? 
He comes from a publier série interesting d’articles. 
You &apos;m doing me chier ! 
