I n’avais l’intention of &apos;t you crazy donner impression. 
! Ouais J’ai gagné two once of soon ! 
have J'en marre of eating fast food. the 
have J'en marre d'en have marre. 
J'ai hâte to go on a in vacances. 
The chambres of cet hôtel are really very bad insonorisées. J’arrive to hear my voisin mâcher his chewing-gum ! 
L’essence of the c’est mathématiques, liberté. 
L'essence of mathématiques is the liberté. 
Do you can imaginer what our lives would be without électricité ? 
Where are the toilettes ? 
Where is the salle of bain ? 
If you prêtez 20$ to quelqu'un and you don anymore revoyez never personne, this crazy valait probably the coup. 
L’essence of the are the liberté mathématiques. 
His story was too ridicule for that there quiconque croie. 
What d'heures of sleep do you want ? 
Every person is a monde. 
the J’ai nationalité française but I am d’origine vietnamienne. 
C'est very frustrant d'essayer of his retrouver glasses when you don &apos;t voit without lunettes. 
You qu'un day think men coloniseront the moon ? 
What chansons célèbres auriez-vous like it have and composées, why ? 
I &apos;m gonna m’acheter a new appareil photo, crazy numérique, fois. 
I &apos;m crazy of toi. 
I &apos;m crazy of vous. 
I don &apos;t know what who is pire. 
Life in prison is worst that the life d'un animal. 
I am fier to do what partie of projet. 
The good looks réside in the eyes of the one who regarde. 
Who would buy this sort d'œuvre d'art ? 
Why don &apos;t pouvons-nous we chatouiller nous-mêmes ? 
The answer we mène to a cercle vicieux. 
the J'ai flemme to do my devoirs. 
Quoi... ? You don &apos;t know conduire ? always 
Have you ever of the barbe ? 
I sens that I am libre. 
The liberté n'est not gratuite. 
J’ai a créé raccourci on the bureau. 
I want a reader ! MP3 
My brother is very important. Du least he qu'il l'est. think 
Despite eating a he pizza, his agaçait sœur. 
At this rythme, you don &apos;t risque end before the end of the semaine. 
I suppose foolish of my vue on l’amitié is rather morne because I n’ai never had réellement to compter on who that anything for are than soit. 
Quoi ? ! T'as eaten ours in my chocolate ? ! 
Non, I can &apos;t you a entrer, there &apos;s a person of trop. 
Where are you ? 
Where did you ? 
He will get you the mordre poussière. 
It &apos;s a mind d'enterrement. 
Putain, is the who connard ose m’appeler in milieu of the night ! ? 
He comes from a publier série interesting d’articles. 
You &apos;m me chier ! 
